2022-08-28 13:56:53,641 [INFO] Activator:177 - 


2022-08-28 13:56:53,641 [INFO] Activator:178 - !SESSION log4j initialized
2022-08-28 13:57:20,599 [ERROR] LogOutputStream:74 - [STDERR_REDIRECT] SLF4J: Failed to load class "org.slf4j.impl.StaticLoggerBinder".
2022-08-28 13:57:20,599 [ERROR] LogOutputStream:74 - [STDERR_REDIRECT] SLF4J: Defaulting to no-operation (NOP) logger implementation
2022-08-28 13:57:20,599 [ERROR] LogOutputStream:74 - [STDERR_REDIRECT] SLF4J: See http://www.slf4j.org/codes.html#StaticLoggerBinder for further details.
2022-08-28 13:58:51,597 [INFO] Activator:177 - 


2022-08-28 13:58:51,597 [INFO] Activator:178 - !SESSION log4j initialized
2022-08-28 13:59:15,285 [ERROR] LogOutputStream:74 - [STDERR_REDIRECT] SLF4J: Failed to load class "org.slf4j.impl.StaticLoggerBinder".
2022-08-28 13:59:15,291 [ERROR] LogOutputStream:74 - [STDERR_REDIRECT] SLF4J: Defaulting to no-operation (NOP) logger implementation
2022-08-28 13:59:15,293 [ERROR] LogOutputStream:74 - [STDERR_REDIRECT] SLF4J: See http://www.slf4j.org/codes.html#StaticLoggerBinder for further details.
2022-08-28 14:09:19,890 [INFO] Activator:177 - 


2022-08-28 14:09:19,890 [INFO] Activator:178 - !SESSION log4j initialized
2022-08-28 14:09:36,448 [INFO] Activator:177 - 


2022-08-28 14:09:36,448 [INFO] Activator:178 - !SESSION log4j initialized
2022-08-28 14:10:00,234 [ERROR] LogOutputStream:74 - [STDERR_REDIRECT] SLF4J: Failed to load class "org.slf4j.impl.StaticLoggerBinder".
2022-08-28 14:10:00,234 [ERROR] LogOutputStream:74 - [STDERR_REDIRECT] SLF4J: Defaulting to no-operation (NOP) logger implementation
2022-08-28 14:10:00,234 [ERROR] LogOutputStream:74 - [STDERR_REDIRECT] SLF4J: See http://www.slf4j.org/codes.html#StaticLoggerBinder for further details.
2022-09-01 08:05:13,839 [INFO] Activator:177 - 


2022-09-01 08:05:13,839 [INFO] Activator:178 - !SESSION log4j initialized
2022-09-01 08:05:39,194 [ERROR] LogOutputStream:74 - [STDERR_REDIRECT] SLF4J: Failed to load class "org.slf4j.impl.StaticLoggerBinder".
2022-09-01 08:05:39,194 [ERROR] LogOutputStream:74 - [STDERR_REDIRECT] SLF4J: Defaulting to no-operation (NOP) logger implementation
2022-09-01 08:05:39,200 [ERROR] LogOutputStream:74 - [STDERR_REDIRECT] SLF4J: See http://www.slf4j.org/codes.html#StaticLoggerBinder for further details.
2022-09-03 09:30:26,524 [INFO] Activator:177 - 


2022-09-03 09:30:26,525 [INFO] Activator:178 - !SESSION log4j initialized
2022-09-03 09:30:55,535 [ERROR] LogOutputStream:74 - [STDERR_REDIRECT] SLF4J: Failed to load class "org.slf4j.impl.StaticLoggerBinder".
2022-09-03 09:30:55,536 [ERROR] LogOutputStream:74 - [STDERR_REDIRECT] SLF4J: Defaulting to no-operation (NOP) logger implementation
2022-09-03 09:30:55,536 [ERROR] LogOutputStream:74 - [STDERR_REDIRECT] SLF4J: See http://www.slf4j.org/codes.html#StaticLoggerBinder for further details.
2022-09-03 10:48:53,134 [INFO] Activator:177 - 


2022-09-03 10:48:53,150 [INFO] Activator:178 - !SESSION log4j initialized
2022-09-03 10:49:19,097 [ERROR] LogOutputStream:74 - [STDERR_REDIRECT] SLF4J: Failed to load class "org.slf4j.impl.StaticLoggerBinder".
2022-09-03 10:49:19,112 [ERROR] LogOutputStream:74 - [STDERR_REDIRECT] SLF4J: Defaulting to no-operation (NOP) logger implementation
2022-09-03 10:49:19,112 [ERROR] LogOutputStream:74 - [STDERR_REDIRECT] SLF4J: See http://www.slf4j.org/codes.html#StaticLoggerBinder for further details.
2022-09-03 17:39:07,311 [INFO] Activator:177 - 


2022-09-03 17:39:07,313 [INFO] Activator:178 - !SESSION log4j initialized
2022-09-03 17:39:33,260 [ERROR] LogOutputStream:74 - [STDERR_REDIRECT] SLF4J: Failed to load class "org.slf4j.impl.StaticLoggerBinder".
2022-09-03 17:39:33,261 [ERROR] LogOutputStream:74 - [STDERR_REDIRECT] SLF4J: Defaulting to no-operation (NOP) logger implementation
2022-09-03 17:39:33,263 [ERROR] LogOutputStream:74 - [STDERR_REDIRECT] SLF4J: See http://www.slf4j.org/codes.html#StaticLoggerBinder for further details.
2022-09-03 22:53:42,220 [INFO] Activator:177 - 


2022-09-03 22:53:42,221 [INFO] Activator:178 - !SESSION log4j initialized
2022-09-03 22:54:08,167 [ERROR] LogOutputStream:74 - [STDERR_REDIRECT] SLF4J: Failed to load class "org.slf4j.impl.StaticLoggerBinder".
2022-09-03 22:54:08,167 [ERROR] LogOutputStream:74 - [STDERR_REDIRECT] SLF4J: Defaulting to no-operation (NOP) logger implementation
2022-09-03 22:54:08,167 [ERROR] LogOutputStream:74 - [STDERR_REDIRECT] SLF4J: See http://www.slf4j.org/codes.html#StaticLoggerBinder for further details.
2022-09-04 19:15:58,817 [INFO] Activator:177 - 


2022-09-04 19:15:58,819 [INFO] Activator:178 - !SESSION log4j initialized
2022-09-04 19:16:32,668 [ERROR] LogOutputStream:74 - [STDERR_REDIRECT] SLF4J: Failed to load class "org.slf4j.impl.StaticLoggerBinder".
2022-09-04 19:16:32,676 [ERROR] LogOutputStream:74 - [STDERR_REDIRECT] SLF4J: Defaulting to no-operation (NOP) logger implementation
2022-09-04 19:16:32,676 [ERROR] LogOutputStream:74 - [STDERR_REDIRECT] SLF4J: See http://www.slf4j.org/codes.html#StaticLoggerBinder for further details.
2022-09-04 19:57:02,232 [INFO] Activator:177 - 


2022-09-04 19:57:02,232 [INFO] Activator:178 - !SESSION log4j initialized
2022-09-04 19:57:32,133 [ERROR] LogOutputStream:74 - [STDERR_REDIRECT] SLF4J: Failed to load class "org.slf4j.impl.StaticLoggerBinder".
2022-09-04 19:57:32,133 [ERROR] LogOutputStream:74 - [STDERR_REDIRECT] SLF4J: Defaulting to no-operation (NOP) logger implementation
2022-09-04 19:57:32,141 [ERROR] LogOutputStream:74 - [STDERR_REDIRECT] SLF4J: See http://www.slf4j.org/codes.html#StaticLoggerBinder for further details.
2022-09-06 15:20:45,112 [INFO] Activator:177 - 


2022-09-06 15:20:45,112 [INFO] Activator:178 - !SESSION log4j initialized
2022-09-06 15:21:15,206 [ERROR] LogOutputStream:74 - [STDERR_REDIRECT] SLF4J: Failed to load class "org.slf4j.impl.StaticLoggerBinder".
2022-09-06 15:21:15,206 [ERROR] LogOutputStream:74 - [STDERR_REDIRECT] SLF4J: Defaulting to no-operation (NOP) logger implementation
2022-09-06 15:21:15,206 [ERROR] LogOutputStream:74 - [STDERR_REDIRECT] SLF4J: See http://www.slf4j.org/codes.html#StaticLoggerBinder for further details.
2022-09-11 12:07:45,433 [INFO] Activator:177 - 


2022-09-11 12:07:45,435 [INFO] Activator:178 - !SESSION log4j initialized
2022-09-11 12:08:12,561 [ERROR] LogOutputStream:74 - [STDERR_REDIRECT] SLF4J: Failed to load class "org.slf4j.impl.StaticLoggerBinder".
2022-09-11 12:08:12,576 [ERROR] LogOutputStream:74 - [STDERR_REDIRECT] SLF4J: Defaulting to no-operation (NOP) logger implementation
2022-09-11 12:08:12,577 [ERROR] LogOutputStream:74 - [STDERR_REDIRECT] SLF4J: See http://www.slf4j.org/codes.html#StaticLoggerBinder for further details.
2022-09-11 17:32:53,399 [INFO] Activator:177 - 


2022-09-11 17:32:53,400 [INFO] Activator:178 - !SESSION log4j initialized
2022-09-11 17:33:18,488 [ERROR] LogOutputStream:74 - [STDERR_REDIRECT] SLF4J: Failed to load class "org.slf4j.impl.StaticLoggerBinder".
2022-09-11 17:33:18,488 [ERROR] LogOutputStream:74 - [STDERR_REDIRECT] SLF4J: Defaulting to no-operation (NOP) logger implementation
2022-09-11 17:33:18,503 [ERROR] LogOutputStream:74 - [STDERR_REDIRECT] SLF4J: See http://www.slf4j.org/codes.html#StaticLoggerBinder for further details.
2022-09-11 22:52:58,087 [INFO] Activator:177 - 


2022-09-11 22:52:58,087 [INFO] Activator:178 - !SESSION log4j initialized
2022-09-11 22:53:25,925 [ERROR] LogOutputStream:74 - [STDERR_REDIRECT] SLF4J: Failed to load class "org.slf4j.impl.StaticLoggerBinder".
2022-09-11 22:53:25,925 [ERROR] LogOutputStream:74 - [STDERR_REDIRECT] SLF4J: Defaulting to no-operation (NOP) logger implementation
2022-09-11 22:53:25,933 [ERROR] LogOutputStream:74 - [STDERR_REDIRECT] SLF4J: See http://www.slf4j.org/codes.html#StaticLoggerBinder for further details.
2022-09-12 20:35:32,747 [INFO] Activator:177 - 


2022-09-12 20:35:32,747 [INFO] Activator:178 - !SESSION log4j initialized
